<?xml version="1.0" encoding="UTF-8"?>
<!-- Generated by org.testng.reporters.JUnitXMLReporter -->
<testsuite ignored="0" hostname="Camilo-ASUS" failures="1" tests="3" name="Submit Order Test" time="33.602" errors="0" timestamp="2024-05-22T20:16:09 COT">
  <testcase classname="seleniumproject.test.SubmitOrderTest" name="SubmitOrder" time="11.235"/>
  <testcase classname="seleniumproject.test.SubmitOrderTest" name="SubmitOrder" time="11.442"/>
  <testcase classname="seleniumproject.test.SubmitOrderTest" name="orderHistoryTest" time="0.0">
    <failure type="org.testng.internal.reflect.MethodMatcherException" message="
[public void seleniumproject.test.SubmitOrderTest.orderHistoryTest(java.lang.String)] has no parameters defined but was found to be using a data provider (either explicitly specified or inherited from class level annotation).
Data provider mismatch
Method: orderHistoryTest([java.lang.String arg0])
Arguments: [(java.util.HashMap) {password=Abc123456#, product=ZARA COAT 3, email=camilojimenez@mail.com}]">
      <![CDATA[org.testng.internal.reflect.MethodMatcherException: 
[public void seleniumproject.test.SubmitOrderTest.orderHistoryTest(java.lang.String)] has no parameters defined but was found to be using a data provider (either explicitly specified or inherited from class level annotation).
Data provider mismatch
Method: orderHistoryTest([java.lang.String arg0])
Arguments: [(java.util.HashMap) {password=Abc123456#, product=ZARA COAT 3, email=camilojimenez@mail.com}]
at java.base/java.util.ArrayList.forEach(ArrayList.java:1511)
... Removed 26 stack frames]]>
    </failure>
  </testcase> <!-- orderHistoryTest -->
</testsuite> <!-- Submit Order Test -->
